{
  "RSpec": {
    "coverage": {
      "/Users/katherinedefliese/Documents/Ada_homework/break-projects/roadtripper/app/helpers/activities_helper.rb": [
        1,
        null
      ],
      "/Users/katherinedefliese/Documents/Ada_homework/break-projects/roadtripper/app/helpers/application_helper.rb": [
        1,
        null
      ],
      "/Users/katherinedefliese/Documents/Ada_homework/break-projects/roadtripper/app/helpers/stops_helper.rb": [
        1,
        null
      ],
      "/Users/katherinedefliese/Documents/Ada_homework/break-projects/roadtripper/app/helpers/trips_helper.rb": [
        1,
        null
      ],
      "/Users/katherinedefliese/Documents/Ada_homework/break-projects/roadtripper/app/controllers/activities_controller.rb": [
        1,
        null,
        1,
        0,
        0,
        0,
        0,
        0,
        null,
        null,
        1,
        0,
        0,
        0,
        0,
        0,
        null,
        null,
        1,
        0,
        0,
        0,
        null,
        null,
        1,
        0,
        0,
        0,
        0,
        null,
        null,
        1,
        0,
        0,
        0,
        null,
        null,
        1,
        null,
        1,
        0,
        null,
        null,
        null
      ],
      "/Users/katherinedefliese/Documents/Ada_homework/break-projects/roadtripper/app/controllers/application_controller.rb": [
        1,
        null,
        null,
        1,
        null
      ],
      "/Users/katherinedefliese/Documents/Ada_homework/break-projects/roadtripper/app/controllers/stops_controller.rb": [
        1,
        1,
        null,
        1,
        0,
        0,
        0,
        null,
        null,
        1,
        0,
        0,
        0,
        null,
        null,
        1,
        0,
        0,
        0,
        null,
        null,
        1,
        0,
        0,
        0,
        null,
        null,
        1,
        0,
        0,
        0,
        0,
        null,
        null,
        1,
        0,
        0,
        0,
        null,
        null,
        1,
        null,
        1,
        0,
        null,
        null,
        1,
        0,
        null,
        null,
        null
      ],
      "/Users/katherinedefliese/Documents/Ada_homework/break-projects/roadtripper/app/controllers/trips_controller.rb": [
        1,
        1,
        1,
        null,
        null,
        1,
        1,
        null,
        null,
        1,
        1,
        1,
        1,
        null,
        null,
        1,
        1,
        1,
        1,
        null,
        null,
        1,
        1,
        1,
        1,
        null,
        null,
        1,
        1,
        1,
        null,
        null,
        1,
        0,
        0,
        null,
        null,
        1,
        0,
        0,
        0,
        null,
        null,
        1,
        0,
        null,
        null,
        1,
        null,
        1,
        1,
        null,
        null
      ],
      "/Users/katherinedefliese/Documents/Ada_homework/break-projects/roadtripper/app/models/activity.rb": [
        1,
        1,
        null
      ],
      "/Users/katherinedefliese/Documents/Ada_homework/break-projects/roadtripper/app/models/stop.rb": [
        1,
        1,
        1,
        null
      ],
      "/Users/katherinedefliese/Documents/Ada_homework/break-projects/roadtripper/app/models/trip.rb": [
        1,
        1,
        null
      ]
    },
    "timestamp": 1451351788
  }
}
